{"C:\\Users\\Yogi\\Desktop\\my-package\\src\\index.ts": {"path":"C:\\Users\\Yogi\\Desktop\\my-package\\src\\index.ts","statementMap":{"0":{"start":{"line":5,"column":20},"end":{"line":5,"column":37}},"1":{"start":{"line":6,"column":4},"end":{"line":6,"column":51}},"2":{"start":{"line":6,"column":37},"end":{"line":6,"column":48}},"3":{"start":{"line":5,"column":0},"end":{"line":5,"column":16}}},"fnMap":{"0":{"name":"sum","decl":{"start":{"line":5,"column":16},"end":{"line":5,"column":19}},"loc":{"start":{"line":5,"column":19},"end":{"line":7,"column":1}}},"1":{"name":"(anonymous_1)","decl":{"start":{"line":6,"column":23},"end":{"line":6,"column":24}},"loc":{"start":{"line":6,"column":32},"end":{"line":6,"column":40}}}},"branchMap":{},"s":{"0":10,"1":3,"2":4,"3":1},"f":{"0":3,"1":4},"b":{}}
}
